2020-03-28 03:00:01,494 - instabot version: 0.116.0 (bot) - INFO - Instabot version: 0.116.0 Started
2020-03-28 03:00:01,494 - instabot version: 0.116.0 (bot) - DEBUG - Bot imported from /Library/Frameworks/Python.framework/Versions/3.7/lib/python3.7/site-packages/instabot/bot/bot.py
2020-03-28 03:00:15,705 - instabot version: 0.116.0 (api_login) - DEBUG - Loading cookies
2020-03-28 03:00:15,705 - instabot version: 0.116.0 (api_login) - DEBUG - Loading uuids
2020-03-28 03:00:15,705 - instabot version: 0.116.0 (api_login) - INFO - Recovery from /Users/Darshini/Downloads/social_media_posting/config/faaaanTESTic_uuid_and_cookie.json: COOKIE True - UUIDs True - TIMING, DEVICE and ...
- user-agent=Instagram 117.0.0.28.123 Android (28/9.0; 420dpi; 1080x1920; OnePlus; ONEPLUS A3003; OnePlus3; qcom; en_US; 180322800)
- phone_id=25583937-87c6-4857-828f-0ba8320d3639
- uuid=d93a6e36-ac5e-4c7d-b154-2f2820f22406
- client_session_id=fd3cc5f2-19ae-429c-9895-363fa16e051e
- device_id=android-8e51abc100ef0e36
2020-03-28 03:00:15,705 - instabot version: 0.116.0 (api_login) - INFO - LOGIN FLOW! Just logged-in: False
2020-03-28 03:00:16,329 - instabot version: 0.116.0 (api) - DEBUG - POST to endpoint: feed/timeline/ returned response: <Response [200]>
2020-03-28 03:00:16,838 - instabot version: 0.116.0 (api) - DEBUG - POST to endpoint: feed/reels_tray/ returned response: <Response [200]>
2020-03-28 03:00:16,847 - instabot version: 0.116.0 (api) - INFO - Logged-in successfully as 'faaaanTESTic'!
2020-03-28 03:00:16,847 - instabot version: 0.116.0 (bot_checkpoint) - DEBUG - Loading Checkpoint file from: /Users/Darshini/Downloads/social_media_posting/config/faaaanTESTic.checkpoint
2020-03-28 03:00:17,214 - instabot version: 0.116.0 (api) - DEBUG - GET to endpoint: feed/user/32170766699/?max_id=&min_timestamp=None&rank_token=32170766699_d93a6e36-ac5e-4c7d-b154-2f2820f22406&ranked_content=true returned response: <Response [200]>
2020-03-28 03:00:19,075 - instabot version: 0.116.0 (api) - DEBUG - POST to endpoint: accounts/logout/ returned response: <Response [200]>
2020-03-28 03:00:19,075 - instabot version: 0.116.0 (bot) - INFO - Bot stopped. Worked: 6:17:17.187066
2020-03-28 03:00:19,075 - instabot version: 0.116.0 (bot_checkpoint) - DEBUG - Saving Checkpoint file to: /Users/Darshini/Downloads/social_media_posting/config/faaaanTESTic.checkpoint
2020-03-28 03:00:19,084 - instabot version: 0.116.0 (bot) - INFO - Total requests: 92
2020-03-28 03:00:24,345 - instabot version: 0.116.0 (api_login) - DEBUG - Loading cookies
2020-03-28 03:00:24,346 - instabot version: 0.116.0 (api_login) - DEBUG - Loading uuids
2020-03-28 03:00:24,346 - instabot version: 0.116.0 (api_login) - INFO - Recovery from /Users/Darshini/Downloads/social_media_posting/config/faaaanTESTic_uuid_and_cookie.json: COOKIE True - UUIDs True - TIMING, DEVICE and ...
- user-agent=Instagram 117.0.0.28.123 Android (28/9.0; 420dpi; 1080x1920; OnePlus; ONEPLUS A3003; OnePlus3; qcom; en_US; 180322800)
- phone_id=25583937-87c6-4857-828f-0ba8320d3639
- uuid=d93a6e36-ac5e-4c7d-b154-2f2820f22406
- client_session_id=fd3cc5f2-19ae-429c-9895-363fa16e051e
- device_id=android-8e51abc100ef0e36
2020-03-28 03:00:24,346 - instabot version: 0.116.0 (api_login) - INFO - LOGIN FLOW! Just logged-in: False
2020-03-28 03:00:24,767 - instabot version: 0.116.0 (api) - DEBUG - POST to endpoint: feed/timeline/ returned response: <Response [403]>
2020-03-28 03:00:24,767 - instabot version: 0.116.0 (api) - DEBUG - Responsecode indicates error; response content: b'{"message": "user_has_logged_out", "logout_reason": 9, "status": "fail"}'
2020-03-28 03:00:24,767 - instabot version: 0.116.0 (api) - ERROR - Request returns 403 error!
2020-03-28 03:00:25,193 - instabot version: 0.116.0 (api) - DEBUG - POST to endpoint: feed/reels_tray/ returned response: <Response [403]>
2020-03-28 03:00:25,193 - instabot version: 0.116.0 (api) - DEBUG - Responsecode indicates error; response content: b'{"message": "user_has_logged_out", "logout_reason": 9, "status": "fail"}'
2020-03-28 03:00:25,193 - instabot version: 0.116.0 (api) - ERROR - Request returns 403 error!
2020-03-28 03:00:25,201 - instabot version: 0.116.0 (api) - INFO - Login flow failed, the cookie is broken. Relogin again.
2020-03-28 03:00:25,202 - instabot version: 0.116.0 (api_login) - DEBUG - Loading cookies
2020-03-28 03:00:25,202 - instabot version: 0.116.0 (api_login) - DEBUG - Loading uuids
2020-03-28 03:00:25,202 - instabot version: 0.116.0 (api_login) - INFO - Recovery from /Users/Darshini/Downloads/social_media_posting/config/faaaanTESTic_uuid_and_cookie.json: COOKIE True - UUIDs True - TIMING, DEVICE and ...
- user-agent=Instagram 117.0.0.28.123 Android (28/9.0; 420dpi; 1080x1920; OnePlus; ONEPLUS A3003; OnePlus3; qcom; en_US; 180322800)
- phone_id=25583937-87c6-4857-828f-0ba8320d3639
- uuid=d93a6e36-ac5e-4c7d-b154-2f2820f22406
- client_session_id=fd3cc5f2-19ae-429c-9895-363fa16e051e
- device_id=android-8e51abc100ef0e36
2020-03-28 03:00:25,202 - instabot version: 0.116.0 (api_login) - INFO - Not yet logged in starting: PRE-LOGIN FLOW!
2020-03-28 03:00:25,586 - instabot version: 0.116.0 (api) - DEBUG - POST to endpoint: accounts/get_prefill_candidates/ returned response: <Response [200]>
2020-03-28 03:00:26,257 - instabot version: 0.116.0 (api) - DEBUG - POST to endpoint: qe/sync/ returned response: <Response [200]>
2020-03-28 03:00:26,769 - instabot version: 0.116.0 (api) - DEBUG - POST to endpoint: launcher/sync/ returned response: <Response [200]>
2020-03-28 03:00:27,179 - instabot version: 0.116.0 (api) - DEBUG - POST to endpoint: accounts/contact_point_prefill/ returned response: <Response [200]>
2020-03-28 03:00:28,891 - instabot version: 0.116.0 (api) - DEBUG - POST to endpoint: accounts/login/ returned response: <Response [200]>
2020-03-28 03:00:28,891 - instabot version: 0.116.0 (api) - INFO - Logged-in successfully as 'faaaanTESTic'!
2020-03-28 03:00:28,892 - instabot version: 0.116.0 (api_login) - INFO - LOGIN FLOW! Just logged-in: True
2020-03-28 03:00:29,240 - instabot version: 0.116.0 (api) - DEBUG - POST to endpoint: qe/sync/ returned response: <Response [200]>
2020-03-28 03:00:29,565 - instabot version: 0.116.0 (api) - DEBUG - POST to endpoint: launcher/sync/ returned response: <Response [200]>
2020-03-28 03:00:29,870 - instabot version: 0.116.0 (api) - DEBUG - GET to endpoint: zr/token/result/?device_id=android-8e51abc100ef0e36&token_hash=&custom_device_id=android-8e51abc100ef0e36&fetch_reason=token_expired returned response: <Response [200]>
2020-03-28 03:00:30,166 - instabot version: 0.116.0 (api) - DEBUG - GET to endpoint: multiple_accounts/get_account_family/ returned response: <Response [200]>
2020-03-28 03:00:30,561 - instabot version: 0.116.0 (api) - DEBUG - POST to endpoint: qe/sync/ returned response: <Response [200]>
2020-03-28 03:00:30,914 - instabot version: 0.116.0 (api) - DEBUG - GET to endpoint: igtv/browse_feed/?prefetch=1 returned response: <Response [200]>
2020-03-28 03:00:31,206 - instabot version: 0.116.0 (api) - DEBUG - POST to endpoint: creatives/ar_class/ returned response: <Response [200]>
2020-03-28 03:00:31,621 - instabot version: 0.116.0 (api) - DEBUG - POST to endpoint: feed/reels_tray/ returned response: <Response [200]>
2020-03-28 03:00:32,324 - instabot version: 0.116.0 (api) - DEBUG - POST to endpoint: feed/timeline/ returned response: <Response [200]>
2020-03-28 03:00:32,630 - instabot version: 0.116.0 (api) - DEBUG - GET to endpoint: media/blocked/ returned response: <Response [200]>
2020-03-28 03:00:33,528 - instabot version: 0.116.0 (api) - DEBUG - GET to endpoint: news/inbox/ returned response: <Response [200]>
2020-03-28 03:00:33,939 - instabot version: 0.116.0 (api) - DEBUG - GET to endpoint: loom/fetch_config/ returned response: <Response [200]>
2020-03-28 03:00:34,309 - instabot version: 0.116.0 (api) - DEBUG - GET to endpoint: scores/bootstrap/users/?surfaces=["autocomplete_user_list","coefficient_besties_list_ranking","coefficient_rank_recipient_user_suggestion","coefficient_ios_section_test_bootstrap_ranking","coefficient_direct_recipients_ranking_variant_2"] returned response: <Response [200]>
2020-03-28 03:00:34,657 - instabot version: 0.116.0 (api) - DEBUG - GET to endpoint: business/eligibility/get_monetization_products_eligibility_data/?product_types=branded_content returned response: <Response [200]>
2020-03-28 03:00:34,952 - instabot version: 0.116.0 (api) - DEBUG - GET to endpoint: business/branded_content/should_require_professional_account/ returned response: <Response [200]>
2020-03-28 03:00:35,373 - instabot version: 0.116.0 (api) - DEBUG - GET to endpoint: linked_accounts/get_linkage_status/ returned response: <Response [200]>
2020-03-28 03:00:36,108 - instabot version: 0.116.0 (api) - DEBUG - GET to endpoint: locations/request_country/ returned response: <Response [200]>
2020-03-28 03:00:36,415 - instabot version: 0.116.0 (api) - DEBUG - GET to endpoint: qp/get_cooldowns/?signed_body=signed_body=4b9c516a5410a3bc128e09c6104a7f042146b9c2023870560c63a43a7f66781c.4&ig_sig_key_version=4&ig_sig_key_version=4 returned response: <Response [200]>
2020-03-28 03:00:36,718 - instabot version: 0.116.0 (api) - DEBUG - GET to endpoint: users/arlink_download_info/?version_override=2.2.1 returned response: <Response [200]>
2020-03-28 03:00:37,623 - instabot version: 0.116.0 (api) - DEBUG - GET to endpoint: users/32170766699/info/ returned response: <Response [200]>
2020-03-28 03:00:38,036 - instabot version: 0.116.0 (api) - DEBUG - GET to endpoint: direct_v2/get_presence/ returned response: <Response [200]>
2020-03-28 03:00:38,443 - instabot version: 0.116.0 (api) - DEBUG - GET to endpoint: direct_v2/inbox/?visual_message_return_type=unseen&thread_message_limit=10&persistentBadging=true&limit=20 returned response: <Response [200]>
2020-03-28 03:00:38,865 - instabot version: 0.116.0 (api) - DEBUG - GET to endpoint: direct_v2/inbox/?visual_message_return_type=unseen&persistentBadging=true&limit=0 returned response: <Response [200]>
2020-03-28 03:00:39,275 - instabot version: 0.116.0 (api) - DEBUG - GET to endpoint: discover/topical_explore/?is_prefetch=true&omit_cover_media=true&use_sectional_payload=true&timezone_offset=0&session_id=fd3cc5f2-19ae-429c-9895-363fa16e051e&include_fixed_destinations=true returned response: <Response [200]>
2020-03-28 03:00:39,670 - instabot version: 0.116.0 (api) - DEBUG - POST to endpoint: notifications/badge/ returned response: <Response [200]>
2020-03-28 03:00:40,184 - instabot version: 0.116.0 (api) - DEBUG - POST to endpoint: qp/batch_fetch/ returned response: <Response [200]>
2020-03-28 03:00:40,193 - instabot version: 0.116.0 (bot_checkpoint) - DEBUG - Loading Checkpoint file from: /Users/Darshini/Downloads/social_media_posting/config/faaaanTESTic.checkpoint
2020-03-28 03:00:40,595 - instabot version: 0.116.0 (api) - DEBUG - GET to endpoint: feed/user/32170766699/?max_id=&min_timestamp=None&rank_token=32170766699_d93a6e36-ac5e-4c7d-b154-2f2820f22406&ranked_content=true returned response: <Response [200]>
2020-03-28 03:00:54,093 - instabot version: 0.116.0 (api) - DEBUG - GET to endpoint: feed/user/32170766699/?max_id=&min_timestamp=None&rank_token=32170766699_d93a6e36-ac5e-4c7d-b154-2f2820f22406&ranked_content=true returned response: <Response [200]>
2020-03-28 03:00:57,914 - instabot version: 0.116.0 (api_photo) - ERROR - Photo Upload failed with the following response: <Response [403]>
2020-03-28 03:00:57,915 - instabot version: 0.116.0 (bot_photo) - INFO - Photo 'media/instagram/bug_.jpg' is not uploaded.
2020-03-28 03:05:25,472 - instabot version: 0.116.0 (bot_checkpoint) - DEBUG - Saving Checkpoint file to: /Users/Darshini/Downloads/social_media_posting/config/faaaanTESTic.checkpoint
2020-03-28 03:05:25,481 - instabot version: 0.116.0 (bot) - INFO - Total requests: 94
2020-03-28 03:05:25,481 - instabot version: 0.116.0 (bot_checkpoint) - DEBUG - Saving Checkpoint file to: /Users/Darshini/Downloads/social_media_posting/config/faaaanTESTic.checkpoint
2020-03-28 03:05:25,483 - instabot version: 0.116.0 (bot) - INFO - Total requests: 94
