2020-03-28 03:05:58,004 - instabot version: 0.116.0 (bot) - INFO - Instabot version: 0.116.0 Started
2020-03-28 03:05:58,005 - instabot version: 0.116.0 (bot) - DEBUG - Bot imported from /Library/Frameworks/Python.framework/Versions/3.7/lib/python3.7/site-packages/instabot/bot/bot.py
2020-03-28 03:06:02,255 - instabot version: 0.116.0 (api_login) - DEBUG - Loading cookies
2020-03-28 03:06:02,255 - instabot version: 0.116.0 (api_login) - DEBUG - Loading uuids
2020-03-28 03:06:02,255 - instabot version: 0.116.0 (api_login) - INFO - Recovery from /Users/Darshini/Downloads/social_media_posting/config/faaaanTESTic_uuid_and_cookie.json: COOKIE True - UUIDs True - TIMING, DEVICE and ...
- user-agent=Instagram 117.0.0.28.123 Android (28/9.0; 420dpi; 1080x1920; OnePlus; ONEPLUS A3003; OnePlus3; qcom; en_US; 180322800)
- phone_id=25583937-87c6-4857-828f-0ba8320d3639
- uuid=d93a6e36-ac5e-4c7d-b154-2f2820f22406
- client_session_id=fd3cc5f2-19ae-429c-9895-363fa16e051e
- device_id=android-8e51abc100ef0e36
2020-03-28 03:06:02,255 - instabot version: 0.116.0 (api_login) - INFO - LOGIN FLOW! Just logged-in: False
2020-03-28 03:06:02,970 - instabot version: 0.116.0 (api) - DEBUG - POST to endpoint: feed/timeline/ returned response: <Response [200]>
2020-03-28 03:06:03,467 - instabot version: 0.116.0 (api) - DEBUG - POST to endpoint: feed/reels_tray/ returned response: <Response [200]>
2020-03-28 03:06:03,475 - instabot version: 0.116.0 (api) - INFO - Logged-in successfully as 'faaaanTESTic'!
2020-03-28 03:06:03,475 - instabot version: 0.116.0 (bot_checkpoint) - DEBUG - Loading Checkpoint file from: /Users/Darshini/Downloads/social_media_posting/config/faaaanTESTic.checkpoint
2020-03-28 03:06:03,880 - instabot version: 0.116.0 (api) - DEBUG - GET to endpoint: feed/user/32170766699/?max_id=&min_timestamp=None&rank_token=32170766699_d93a6e36-ac5e-4c7d-b154-2f2820f22406&ranked_content=true returned response: <Response [200]>
2020-03-28 03:06:13,504 - instabot version: 0.116.0 (api) - DEBUG - GET to endpoint: feed/user/32170766699/?max_id=&min_timestamp=None&rank_token=32170766699_d93a6e36-ac5e-4c7d-b154-2f2820f22406&ranked_content=true returned response: <Response [200]>
2020-03-28 03:06:33,194 - instabot version: 0.116.0 (api) - DEBUG - POST to endpoint: media/configure/? returned response: <Response [200]>
2020-03-28 03:06:33,492 - instabot version: 0.116.0 (api) - DEBUG - POST to endpoint: qe/expose/ returned response: <Response [200]>
2020-03-28 03:06:33,493 - instabot version: 0.116.0 (bot_photo) - INFO - Photo 'media/instagram/bug_.jpg' is uploaded.
2020-03-28 03:07:30,042 - instabot version: 0.116.0 (api_login) - DEBUG - Loading cookies
2020-03-28 03:07:30,042 - instabot version: 0.116.0 (api_login) - DEBUG - Loading uuids
2020-03-28 03:07:30,042 - instabot version: 0.116.0 (api_login) - INFO - Recovery from /Users/Darshini/Downloads/social_media_posting/config/faaaanTESTic_uuid_and_cookie.json: COOKIE True - UUIDs True - TIMING, DEVICE and ...
- user-agent=Instagram 117.0.0.28.123 Android (28/9.0; 420dpi; 1080x1920; OnePlus; ONEPLUS A3003; OnePlus3; qcom; en_US; 180322800)
- phone_id=25583937-87c6-4857-828f-0ba8320d3639
- uuid=d93a6e36-ac5e-4c7d-b154-2f2820f22406
- client_session_id=fd3cc5f2-19ae-429c-9895-363fa16e051e
- device_id=android-8e51abc100ef0e36
2020-03-28 03:07:30,043 - instabot version: 0.116.0 (api_login) - INFO - LOGIN FLOW! Just logged-in: False
2020-03-28 03:07:31,228 - instabot version: 0.116.0 (api) - DEBUG - POST to endpoint: feed/timeline/ returned response: <Response [200]>
2020-03-28 03:07:31,738 - instabot version: 0.116.0 (api) - DEBUG - POST to endpoint: feed/reels_tray/ returned response: <Response [200]>
2020-03-28 03:07:31,747 - instabot version: 0.116.0 (api) - INFO - Logged-in successfully as 'faaaanTESTic'!
2020-03-28 03:07:31,747 - instabot version: 0.116.0 (bot_checkpoint) - DEBUG - Loading Checkpoint file from: /Users/Darshini/Downloads/social_media_posting/config/faaaanTESTic.checkpoint
2020-03-28 03:07:38,916 - instabot version: 0.116.0 (api_login) - DEBUG - Loading cookies
2020-03-28 03:07:38,917 - instabot version: 0.116.0 (api_login) - DEBUG - Loading uuids
2020-03-28 03:07:38,917 - instabot version: 0.116.0 (api_login) - INFO - Recovery from /Users/Darshini/Downloads/social_media_posting/config/faaaanTESTic_uuid_and_cookie.json: COOKIE True - UUIDs True - TIMING, DEVICE and ...
- user-agent=Instagram 117.0.0.28.123 Android (28/9.0; 420dpi; 1080x1920; OnePlus; ONEPLUS A3003; OnePlus3; qcom; en_US; 180322800)
- phone_id=25583937-87c6-4857-828f-0ba8320d3639
- uuid=d93a6e36-ac5e-4c7d-b154-2f2820f22406
- client_session_id=fd3cc5f2-19ae-429c-9895-363fa16e051e
- device_id=android-8e51abc100ef0e36
2020-03-28 03:07:38,917 - instabot version: 0.116.0 (api_login) - INFO - LOGIN FLOW! Just logged-in: False
2020-03-28 03:07:39,624 - instabot version: 0.116.0 (api) - DEBUG - POST to endpoint: feed/timeline/ returned response: <Response [200]>
2020-03-28 03:07:40,339 - instabot version: 0.116.0 (api) - DEBUG - POST to endpoint: feed/reels_tray/ returned response: <Response [200]>
2020-03-28 03:07:40,340 - instabot version: 0.116.0 (api) - INFO - Logged-in successfully as 'faaaanTESTic'!
2020-03-28 03:07:40,340 - instabot version: 0.116.0 (bot_checkpoint) - DEBUG - Loading Checkpoint file from: /Users/Darshini/Downloads/social_media_posting/config/faaaanTESTic.checkpoint
2020-03-28 03:07:40,853 - instabot version: 0.116.0 (api) - DEBUG - GET to endpoint: feed/user/32170766699/?max_id=&min_timestamp=None&rank_token=32170766699_d93a6e36-ac5e-4c7d-b154-2f2820f22406&ranked_content=true returned response: <Response [200]>
2020-03-28 03:07:59,214 - instabot version: 0.116.0 (api) - DEBUG - GET to endpoint: feed/user/32170766699/?max_id=&min_timestamp=None&rank_token=32170766699_d93a6e36-ac5e-4c7d-b154-2f2820f22406&ranked_content=true returned response: <Response [200]>
2020-03-28 03:08:20,175 - instabot version: 0.116.0 (api) - DEBUG - POST to endpoint: media/configure/? returned response: <Response [200]>
2020-03-28 03:08:20,481 - instabot version: 0.116.0 (api) - DEBUG - POST to endpoint: qe/expose/ returned response: <Response [200]>
2020-03-28 03:08:20,481 - instabot version: 0.116.0 (bot_photo) - INFO - Photo 'media/instagram/https_XXwww.ituna.itiTuna-Home.jpeg' is uploaded.
2020-03-28 03:10:54,914 - instabot version: 0.116.0 (bot_checkpoint) - DEBUG - Saving Checkpoint file to: /Users/Darshini/Downloads/social_media_posting/config/faaaanTESTic.checkpoint
2020-03-28 03:10:54,915 - instabot version: 0.116.0 (bot) - INFO - Total requests: 98
2020-03-28 03:10:54,915 - instabot version: 0.116.0 (bot_checkpoint) - DEBUG - Saving Checkpoint file to: /Users/Darshini/Downloads/social_media_posting/config/faaaanTESTic.checkpoint
2020-03-28 03:10:54,915 - instabot version: 0.116.0 (bot) - INFO - Total requests: 98
2020-03-28 03:10:54,916 - instabot version: 0.116.0 (bot_checkpoint) - DEBUG - Saving Checkpoint file to: /Users/Darshini/Downloads/social_media_posting/config/faaaanTESTic.checkpoint
2020-03-28 03:10:54,916 - instabot version: 0.116.0 (bot) - INFO - Total requests: 98
