2020-03-28 02:25:31,426 - instabot version: 0.116.0 (bot) - INFO - Instabot version: 0.116.0 Started
2020-03-28 02:25:31,427 - instabot version: 0.116.0 (bot) - DEBUG - Bot imported from /Library/Frameworks/Python.framework/Versions/3.7/lib/python3.7/site-packages/instabot/bot/bot.py
2020-03-28 02:25:51,863 - instabot version: 0.116.0 (api_login) - DEBUG - Loading cookies
2020-03-28 02:25:51,864 - instabot version: 0.116.0 (api_login) - DEBUG - Loading uuids
2020-03-28 02:25:51,864 - instabot version: 0.116.0 (api_login) - INFO - Recovery from /Users/Darshini/Downloads/social_media_posting/config/faaaanTESTic_uuid_and_cookie.json: COOKIE True - UUIDs True - TIMING, DEVICE and ...
- user-agent=Instagram 117.0.0.28.123 Android (28/9.0; 420dpi; 1080x1920; OnePlus; ONEPLUS A3003; OnePlus3; qcom; en_US; 180322800)
- phone_id=25583937-87c6-4857-828f-0ba8320d3639
- uuid=d93a6e36-ac5e-4c7d-b154-2f2820f22406
- client_session_id=4b4bde44-66b8-4816-b54e-773b0a15e89f
- device_id=android-8e51abc100ef0e36
2020-03-28 02:25:51,864 - instabot version: 0.116.0 (api_login) - INFO - LOGIN FLOW! Just logged-in: False
2020-03-28 02:25:52,749 - instabot version: 0.116.0 (api) - DEBUG - POST to endpoint: feed/timeline/ returned response: <Response [200]>
2020-03-28 02:25:53,171 - instabot version: 0.116.0 (api) - DEBUG - POST to endpoint: feed/reels_tray/ returned response: <Response [200]>
2020-03-28 02:25:53,466 - instabot version: 0.116.0 (api) - DEBUG - POST to endpoint: direct_v2/ranked_recipients/ returned response: <Response [200]>
2020-03-28 02:25:53,757 - instabot version: 0.116.0 (api) - DEBUG - POST to endpoint: direct_v2/ranked_recipients/ returned response: <Response [200]>
2020-03-28 02:25:54,179 - instabot version: 0.116.0 (api) - DEBUG - POST to endpoint: direct_v2/inbox/ returned response: <Response [200]>
2020-03-28 02:25:54,588 - instabot version: 0.116.0 (api) - DEBUG - GET to endpoint: direct_v2/get_presence/ returned response: <Response [200]>
2020-03-28 02:25:55,100 - instabot version: 0.116.0 (api) - DEBUG - GET to endpoint: news/inbox/?limited_activity=true&show_su=true returned response: <Response [200]>
2020-03-28 02:25:55,395 - instabot version: 0.116.0 (api) - DEBUG - GET to endpoint: users/profile_notice/ returned response: <Response [200]>
2020-03-28 02:25:56,396 - instabot version: 0.116.0 (api) - DEBUG - POST to endpoint: discover/explore/ returned response: <Response [200]>
2020-03-28 02:25:56,405 - instabot version: 0.116.0 (api) - INFO - Logged-in successfully as 'faaaanTESTic'!
2020-03-28 02:25:56,406 - instabot version: 0.116.0 (bot_checkpoint) - DEBUG - Loading Checkpoint file from: /Users/Darshini/Downloads/social_media_posting/config/faaaanTESTic.checkpoint
2020-03-28 02:25:59,516 - instabot version: 0.116.0 (bot_checkpoint) - DEBUG - Saving Checkpoint file to: /Users/Darshini/Downloads/social_media_posting/config/faaaanTESTic.checkpoint
2020-03-28 02:25:59,525 - instabot version: 0.116.0 (bot) - INFO - Total requests: 35
