2020-03-27 23:04:07,691 - instabot version: 0.116.0 (bot) - INFO - Instabot version: 0.116.0 Started
2020-03-27 23:04:07,691 - instabot version: 0.116.0 (bot) - DEBUG - Bot imported from /Library/Frameworks/Python.framework/Versions/3.7/lib/python3.7/site-packages/instabot/bot/bot.py
2020-03-27 23:04:07,692 - instabot version: 0.116.0 (api_login) - INFO - Not yet logged in starting: PRE-LOGIN FLOW!
2020-03-27 23:04:08,409 - instabot version: 0.116.0 (api) - DEBUG - POST to endpoint: accounts/get_prefill_candidates/ returned response: <Response [200]>
2020-03-27 23:04:09,958 - instabot version: 0.116.0 (api) - DEBUG - POST to endpoint: qe/sync/ returned response: <Response [200]>
2020-03-27 23:04:10,560 - instabot version: 0.116.0 (api) - DEBUG - POST to endpoint: launcher/sync/ returned response: <Response [200]>
2020-03-27 23:04:11,173 - instabot version: 0.116.0 (api) - DEBUG - POST to endpoint: accounts/contact_point_prefill/ returned response: <Response [200]>
2020-03-27 23:04:14,052 - instabot version: 0.116.0 (api) - DEBUG - POST to endpoint: accounts/login/ returned response: <Response [400]>
2020-03-27 23:04:14,052 - instabot version: 0.116.0 (api) - DEBUG - Responsecode indicates error; response content: b'{"message": "The password you entered is incorrect. Please try again.", "invalid_credentials": true, "error_title": "Incorrect password for dsd", "buttons": [{"title": "Try Again", "action": "dismiss"}], "status": "fail", "error_type": "bad_password"}'
2020-03-27 23:04:14,053 - instabot version: 0.116.0 (api) - ERROR - Request returns 400 error!
2020-03-27 23:04:14,053 - instabot version: 0.116.0 (api) - INFO - Instagram's error message: The password you entered is incorrect. Please try again.
2020-03-27 23:04:14,053 - instabot version: 0.116.0 (api) - INFO - Error type: bad_password
2020-03-27 23:04:14,053 - instabot version: 0.116.0 (api) - ERROR - Failed to login go to instagram and change your password
2020-03-27 23:04:14,053 - instabot version: 0.116.0 (api) - INFO - Username or password is incorrect.
2020-03-27 23:04:25,068 - instabot version: 0.116.0 (bot) - INFO - Instabot version: 0.116.0 Started
2020-03-27 23:04:25,069 - instabot version: 0.116.0 (bot) - DEBUG - Bot imported from /Library/Frameworks/Python.framework/Versions/3.7/lib/python3.7/site-packages/instabot/bot/bot.py
2020-03-27 23:04:25,070 - instabot version: 0.116.0 (api_login) - INFO - Not yet logged in starting: PRE-LOGIN FLOW!
2020-03-27 23:04:25,608 - instabot version: 0.116.0 (api) - DEBUG - POST to endpoint: accounts/get_prefill_candidates/ returned response: <Response [200]>
2020-03-27 23:04:26,162 - instabot version: 0.116.0 (api) - DEBUG - POST to endpoint: qe/sync/ returned response: <Response [200]>
2020-03-27 23:04:26,740 - instabot version: 0.116.0 (api) - DEBUG - POST to endpoint: launcher/sync/ returned response: <Response [200]>
2020-03-27 23:04:27,282 - instabot version: 0.116.0 (api) - DEBUG - POST to endpoint: accounts/contact_point_prefill/ returned response: <Response [200]>
2020-03-27 23:04:29,819 - instabot version: 0.116.0 (api) - DEBUG - POST to endpoint: accounts/login/ returned response: <Response [400]>
2020-03-27 23:04:29,819 - instabot version: 0.116.0 (api) - DEBUG - Responsecode indicates error; response content: b'{"message": "The password you entered is incorrect. Please try again.", "invalid_credentials": true, "error_title": "Incorrect password for dsd", "buttons": [{"title": "Try Again", "action": "dismiss"}], "status": "fail", "error_type": "bad_password"}'
2020-03-27 23:04:29,820 - instabot version: 0.116.0 (api) - ERROR - Request returns 400 error!
2020-03-27 23:04:29,820 - instabot version: 0.116.0 (api) - INFO - Instagram's error message: The password you entered is incorrect. Please try again.
2020-03-27 23:04:29,820 - instabot version: 0.116.0 (api) - INFO - Error type: bad_password
2020-03-27 23:04:29,820 - instabot version: 0.116.0 (api) - ERROR - Failed to login go to instagram and change your password
2020-03-27 23:04:29,821 - instabot version: 0.116.0 (api) - INFO - Username or password is incorrect.
