2020-03-28 02:31:05,957 - instabot version: 0.116.0 (bot) - INFO - Instabot version: 0.116.0 Started
2020-03-28 02:31:05,957 - instabot version: 0.116.0 (bot) - DEBUG - Bot imported from /Library/Frameworks/Python.framework/Versions/3.7/lib/python3.7/site-packages/instabot/bot/bot.py
2020-03-28 02:31:07,517 - instabot version: 0.116.0 (api_login) - DEBUG - Loading cookies
2020-03-28 02:31:07,518 - instabot version: 0.116.0 (api_login) - DEBUG - Loading uuids
2020-03-28 02:31:07,518 - instabot version: 0.116.0 (api_login) - INFO - Recovery from /Users/Darshini/Downloads/social_media_posting/config/faaaanTESTic_uuid_and_cookie.json: COOKIE True - UUIDs True - TIMING, DEVICE and ...
- user-agent=Instagram 117.0.0.28.123 Android (28/9.0; 420dpi; 1080x1920; OnePlus; ONEPLUS A3003; OnePlus3; qcom; en_US; 180322800)
- phone_id=25583937-87c6-4857-828f-0ba8320d3639
- uuid=d93a6e36-ac5e-4c7d-b154-2f2820f22406
- client_session_id=fd3cc5f2-19ae-429c-9895-363fa16e051e
- device_id=android-8e51abc100ef0e36
2020-03-28 02:31:07,518 - instabot version: 0.116.0 (api_login) - INFO - LOGIN FLOW! Just logged-in: False
2020-03-28 02:31:08,647 - instabot version: 0.116.0 (api) - DEBUG - POST to endpoint: feed/timeline/ returned response: <Response [200]>
2020-03-28 02:31:09,057 - instabot version: 0.116.0 (api) - DEBUG - POST to endpoint: feed/reels_tray/ returned response: <Response [200]>
2020-03-28 02:31:09,066 - instabot version: 0.116.0 (api) - INFO - Logged-in successfully as 'faaaanTESTic'!
2020-03-28 02:31:09,066 - instabot version: 0.116.0 (bot_checkpoint) - DEBUG - Loading Checkpoint file from: /Users/Darshini/Downloads/social_media_posting/config/faaaanTESTic.checkpoint
2020-03-28 02:31:09,886 - instabot version: 0.116.0 (api) - DEBUG - GET to endpoint: feed/user/32170766699/?max_id=&min_timestamp=None&rank_token=32170766699_d93a6e36-ac5e-4c7d-b154-2f2820f22406&ranked_content=true returned response: <Response [200]>
2020-03-28 02:31:11,720 - instabot version: 0.116.0 (api) - DEBUG - POST to endpoint: accounts/logout/ returned response: <Response [200]>
2020-03-28 02:31:11,720 - instabot version: 0.116.0 (bot) - INFO - Bot stopped. Worked: 5:48:09.831788
2020-03-28 02:31:11,720 - instabot version: 0.116.0 (bot_checkpoint) - DEBUG - Saving Checkpoint file to: /Users/Darshini/Downloads/social_media_posting/config/faaaanTESTic.checkpoint
2020-03-28 02:31:11,720 - instabot version: 0.116.0 (bot) - INFO - Total requests: 38
2020-03-28 02:31:30,228 - instabot version: 0.116.0 (api_login) - DEBUG - Loading cookies
2020-03-28 02:31:30,228 - instabot version: 0.116.0 (api_login) - DEBUG - Loading uuids
2020-03-28 02:31:30,228 - instabot version: 0.116.0 (api_login) - INFO - Recovery from /Users/Darshini/Downloads/social_media_posting/config/faaaanTESTic_uuid_and_cookie.json: COOKIE True - UUIDs True - TIMING, DEVICE and ...
- user-agent=Instagram 117.0.0.28.123 Android (28/9.0; 420dpi; 1080x1920; OnePlus; ONEPLUS A3003; OnePlus3; qcom; en_US; 180322800)
- phone_id=25583937-87c6-4857-828f-0ba8320d3639
- uuid=d93a6e36-ac5e-4c7d-b154-2f2820f22406
- client_session_id=fd3cc5f2-19ae-429c-9895-363fa16e051e
- device_id=android-8e51abc100ef0e36
2020-03-28 02:31:30,228 - instabot version: 0.116.0 (api_login) - INFO - LOGIN FLOW! Just logged-in: False
2020-03-28 02:31:30,640 - instabot version: 0.116.0 (api) - DEBUG - POST to endpoint: feed/timeline/ returned response: <Response [403]>
2020-03-28 02:31:30,640 - instabot version: 0.116.0 (api) - DEBUG - Responsecode indicates error; response content: b'{"message": "user_has_logged_out", "logout_reason": 9, "status": "fail"}'
2020-03-28 02:31:30,640 - instabot version: 0.116.0 (api) - ERROR - Request returns 403 error!
2020-03-28 02:31:30,990 - instabot version: 0.116.0 (api) - DEBUG - POST to endpoint: feed/reels_tray/ returned response: <Response [403]>
2020-03-28 02:31:30,990 - instabot version: 0.116.0 (api) - DEBUG - Responsecode indicates error; response content: b'{"message": "user_has_logged_out", "logout_reason": 9, "status": "fail"}'
2020-03-28 02:31:30,991 - instabot version: 0.116.0 (api) - ERROR - Request returns 403 error!
2020-03-28 02:31:31,000 - instabot version: 0.116.0 (api) - INFO - Login flow failed, the cookie is broken. Relogin again.
2020-03-28 02:31:31,001 - instabot version: 0.116.0 (api_login) - DEBUG - Loading cookies
2020-03-28 02:31:31,002 - instabot version: 0.116.0 (api_login) - DEBUG - Loading uuids
2020-03-28 02:31:31,002 - instabot version: 0.116.0 (api_login) - INFO - Recovery from /Users/Darshini/Downloads/social_media_posting/config/faaaanTESTic_uuid_and_cookie.json: COOKIE True - UUIDs True - TIMING, DEVICE and ...
- user-agent=Instagram 117.0.0.28.123 Android (28/9.0; 420dpi; 1080x1920; OnePlus; ONEPLUS A3003; OnePlus3; qcom; en_US; 180322800)
- phone_id=25583937-87c6-4857-828f-0ba8320d3639
- uuid=d93a6e36-ac5e-4c7d-b154-2f2820f22406
- client_session_id=fd3cc5f2-19ae-429c-9895-363fa16e051e
- device_id=android-8e51abc100ef0e36
2020-03-28 02:31:31,002 - instabot version: 0.116.0 (api_login) - INFO - Not yet logged in starting: PRE-LOGIN FLOW!
2020-03-28 02:31:31,371 - instabot version: 0.116.0 (api) - DEBUG - POST to endpoint: accounts/get_prefill_candidates/ returned response: <Response [200]>
2020-03-28 02:31:31,742 - instabot version: 0.116.0 (api) - DEBUG - POST to endpoint: qe/sync/ returned response: <Response [200]>
2020-03-28 02:31:32,129 - instabot version: 0.116.0 (api) - DEBUG - POST to endpoint: launcher/sync/ returned response: <Response [200]>
2020-03-28 02:31:32,515 - instabot version: 0.116.0 (api) - DEBUG - POST to endpoint: accounts/contact_point_prefill/ returned response: <Response [200]>
2020-03-28 02:31:34,617 - instabot version: 0.116.0 (api) - DEBUG - POST to endpoint: accounts/login/ returned response: <Response [400]>
2020-03-28 02:31:34,617 - instabot version: 0.116.0 (api) - DEBUG - Responsecode indicates error; response content: b'{"message": "The password you entered is incorrect. Please try again.", "invalid_credentials": true, "error_title": "Incorrect password for faaaantestic", "buttons": [{"title": "Try Again", "action": "dismiss"}], "status": "fail", "error_type": "bad_password"}'
2020-03-28 02:31:34,617 - instabot version: 0.116.0 (api) - ERROR - Request returns 400 error!
2020-03-28 02:31:34,617 - instabot version: 0.116.0 (api) - INFO - Instagram's error message: The password you entered is incorrect. Please try again.
2020-03-28 02:31:34,617 - instabot version: 0.116.0 (api) - INFO - Error type: bad_password
2020-03-28 02:31:34,617 - instabot version: 0.116.0 (api) - ERROR - Failed to login go to instagram and change your password
2020-03-28 02:31:34,618 - instabot version: 0.116.0 (api) - INFO - Username or password is incorrect.
2020-03-28 02:31:39,005 - instabot version: 0.116.0 (api_login) - DEBUG - Loading cookies
2020-03-28 02:31:39,005 - instabot version: 0.116.0 (api_login) - DEBUG - Loading uuids
2020-03-28 02:31:39,005 - instabot version: 0.116.0 (api_login) - INFO - Recovery from /Users/Darshini/Downloads/social_media_posting/config/faaaanTESTic_uuid_and_cookie.json: COOKIE True - UUIDs True - TIMING, DEVICE and ...
- user-agent=Instagram 117.0.0.28.123 Android (28/9.0; 420dpi; 1080x1920; OnePlus; ONEPLUS A3003; OnePlus3; qcom; en_US; 180322800)
- phone_id=25583937-87c6-4857-828f-0ba8320d3639
- uuid=d93a6e36-ac5e-4c7d-b154-2f2820f22406
- client_session_id=fd3cc5f2-19ae-429c-9895-363fa16e051e
- device_id=android-8e51abc100ef0e36
2020-03-28 02:31:39,005 - instabot version: 0.116.0 (api_login) - INFO - LOGIN FLOW! Just logged-in: False
2020-03-28 02:31:39,353 - instabot version: 0.116.0 (api) - DEBUG - POST to endpoint: feed/timeline/ returned response: <Response [403]>
2020-03-28 02:31:39,353 - instabot version: 0.116.0 (api) - DEBUG - Responsecode indicates error; response content: b'{"message": "user_has_logged_out", "logout_reason": 9, "status": "fail"}'
2020-03-28 02:31:39,353 - instabot version: 0.116.0 (api) - ERROR - Request returns 403 error!
2020-03-28 02:31:39,778 - instabot version: 0.116.0 (api) - DEBUG - POST to endpoint: feed/reels_tray/ returned response: <Response [403]>
2020-03-28 02:31:39,778 - instabot version: 0.116.0 (api) - DEBUG - Responsecode indicates error; response content: b'{"message": "user_has_logged_out", "logout_reason": 9, "status": "fail"}'
2020-03-28 02:31:39,778 - instabot version: 0.116.0 (api) - ERROR - Request returns 403 error!
2020-03-28 02:31:39,779 - instabot version: 0.116.0 (api) - INFO - Login flow failed, the cookie is broken. Relogin again.
2020-03-28 02:31:39,780 - instabot version: 0.116.0 (api_login) - DEBUG - Loading cookies
2020-03-28 02:31:39,780 - instabot version: 0.116.0 (api_login) - DEBUG - Loading uuids
2020-03-28 02:31:39,780 - instabot version: 0.116.0 (api_login) - INFO - Recovery from /Users/Darshini/Downloads/social_media_posting/config/faaaanTESTic_uuid_and_cookie.json: COOKIE True - UUIDs True - TIMING, DEVICE and ...
- user-agent=Instagram 117.0.0.28.123 Android (28/9.0; 420dpi; 1080x1920; OnePlus; ONEPLUS A3003; OnePlus3; qcom; en_US; 180322800)
- phone_id=25583937-87c6-4857-828f-0ba8320d3639
- uuid=d93a6e36-ac5e-4c7d-b154-2f2820f22406
- client_session_id=fd3cc5f2-19ae-429c-9895-363fa16e051e
- device_id=android-8e51abc100ef0e36
2020-03-28 02:31:39,780 - instabot version: 0.116.0 (api_login) - INFO - Not yet logged in starting: PRE-LOGIN FLOW!
2020-03-28 02:31:40,291 - instabot version: 0.116.0 (api) - DEBUG - POST to endpoint: accounts/get_prefill_candidates/ returned response: <Response [200]>
2020-03-28 02:31:40,657 - instabot version: 0.116.0 (api) - DEBUG - POST to endpoint: qe/sync/ returned response: <Response [200]>
2020-03-28 02:31:41,109 - instabot version: 0.116.0 (api) - DEBUG - POST to endpoint: launcher/sync/ returned response: <Response [200]>
2020-03-28 02:31:41,468 - instabot version: 0.116.0 (api) - DEBUG - POST to endpoint: accounts/contact_point_prefill/ returned response: <Response [200]>
2020-03-28 02:31:43,157 - instabot version: 0.116.0 (api) - DEBUG - POST to endpoint: accounts/login/ returned response: <Response [200]>
2020-03-28 02:31:43,157 - instabot version: 0.116.0 (api) - INFO - Logged-in successfully as 'faaaanTESTic'!
2020-03-28 02:31:43,157 - instabot version: 0.116.0 (api_login) - INFO - LOGIN FLOW! Just logged-in: True
2020-03-28 02:31:43,483 - instabot version: 0.116.0 (api) - DEBUG - POST to endpoint: qe/sync/ returned response: <Response [200]>
2020-03-28 02:31:43,794 - instabot version: 0.116.0 (api) - DEBUG - POST to endpoint: launcher/sync/ returned response: <Response [200]>
2020-03-28 02:31:44,093 - instabot version: 0.116.0 (api) - DEBUG - GET to endpoint: zr/token/result/?device_id=android-8e51abc100ef0e36&token_hash=&custom_device_id=android-8e51abc100ef0e36&fetch_reason=token_expired returned response: <Response [200]>
2020-03-28 02:31:44,405 - instabot version: 0.116.0 (api) - DEBUG - GET to endpoint: multiple_accounts/get_account_family/ returned response: <Response [200]>
2020-03-28 02:31:44,746 - instabot version: 0.116.0 (api) - DEBUG - POST to endpoint: qe/sync/ returned response: <Response [200]>
2020-03-28 02:31:45,204 - instabot version: 0.116.0 (api) - DEBUG - GET to endpoint: igtv/browse_feed/?prefetch=1 returned response: <Response [200]>
2020-03-28 02:31:45,541 - instabot version: 0.116.0 (api) - DEBUG - POST to endpoint: creatives/ar_class/ returned response: <Response [200]>
2020-03-28 02:31:45,977 - instabot version: 0.116.0 (api) - DEBUG - POST to endpoint: feed/reels_tray/ returned response: <Response [200]>
2020-03-28 02:31:46,569 - instabot version: 0.116.0 (api) - DEBUG - POST to endpoint: feed/timeline/ returned response: <Response [200]>
2020-03-28 02:31:47,049 - instabot version: 0.116.0 (api) - DEBUG - GET to endpoint: media/blocked/ returned response: <Response [200]>
2020-03-28 02:31:47,674 - instabot version: 0.116.0 (api) - DEBUG - GET to endpoint: news/inbox/ returned response: <Response [200]>
2020-03-28 02:31:48,115 - instabot version: 0.116.0 (api) - DEBUG - GET to endpoint: loom/fetch_config/ returned response: <Response [200]>
2020-03-28 02:31:48,687 - instabot version: 0.116.0 (api) - DEBUG - GET to endpoint: scores/bootstrap/users/?surfaces=["autocomplete_user_list","coefficient_besties_list_ranking","coefficient_rank_recipient_user_suggestion","coefficient_ios_section_test_bootstrap_ranking","coefficient_direct_recipients_ranking_variant_2"] returned response: <Response [200]>
2020-03-28 02:31:49,097 - instabot version: 0.116.0 (api) - DEBUG - GET to endpoint: business/eligibility/get_monetization_products_eligibility_data/?product_types=branded_content returned response: <Response [200]>
2020-03-28 02:31:49,507 - instabot version: 0.116.0 (api) - DEBUG - GET to endpoint: business/branded_content/should_require_professional_account/ returned response: <Response [200]>
2020-03-28 02:31:49,917 - instabot version: 0.116.0 (api) - DEBUG - GET to endpoint: linked_accounts/get_linkage_status/ returned response: <Response [200]>
2020-03-28 02:31:50,648 - instabot version: 0.116.0 (api) - DEBUG - GET to endpoint: locations/request_country/ returned response: <Response [200]>
2020-03-28 02:31:51,045 - instabot version: 0.116.0 (api) - DEBUG - GET to endpoint: qp/get_cooldowns/?signed_body=signed_body=4b9c516a5410a3bc128e09c6104a7f042146b9c2023870560c63a43a7f66781c.4&ig_sig_key_version=4&ig_sig_key_version=4 returned response: <Response [200]>
2020-03-28 02:31:51,452 - instabot version: 0.116.0 (api) - DEBUG - GET to endpoint: users/arlink_download_info/?version_override=2.2.1 returned response: <Response [200]>
2020-03-28 02:31:51,966 - instabot version: 0.116.0 (api) - DEBUG - GET to endpoint: users/32170766699/info/ returned response: <Response [200]>
2020-03-28 02:31:52,373 - instabot version: 0.116.0 (api) - DEBUG - GET to endpoint: direct_v2/get_presence/ returned response: <Response [200]>
2020-03-28 02:31:53,201 - instabot version: 0.116.0 (api) - DEBUG - GET to endpoint: direct_v2/inbox/?visual_message_return_type=unseen&thread_message_limit=10&persistentBadging=true&limit=20 returned response: <Response [200]>
2020-03-28 02:31:53,602 - instabot version: 0.116.0 (api) - DEBUG - GET to endpoint: direct_v2/inbox/?visual_message_return_type=unseen&persistentBadging=true&limit=0 returned response: <Response [200]>
2020-03-28 02:31:58,534 - instabot version: 0.116.0 (bot_checkpoint) - DEBUG - Saving Checkpoint file to: /Users/Darshini/Downloads/social_media_posting/config/faaaanTESTic.checkpoint
2020-03-28 02:31:58,543 - instabot version: 0.116.0 (bot) - INFO - Total requests: 76
