2020-03-29 01:42:05,091 - instabot version: 0.116.0 (bot) - INFO - Instabot version: 0.116.0 Started
2020-03-29 01:42:05,092 - instabot version: 0.116.0 (bot) - DEBUG - Bot imported from /Library/Frameworks/Python.framework/Versions/3.7/lib/python3.7/site-packages/instabot/bot/bot.py
2020-03-29 01:42:15,403 - instabot version: 0.116.0 (bot) - INFO - Bot stopped. Worked: 0:00:10.311924
2020-03-29 01:42:43,988 - instabot version: 0.116.0 (api_login) - DEBUG - Loading cookies
2020-03-29 01:42:43,989 - instabot version: 0.116.0 (api_login) - DEBUG - Loading uuids
2020-03-29 01:42:43,989 - instabot version: 0.116.0 (api_login) - INFO - Recovery from /Users/Darshini/social_media_posting/config/faaaanTESTic_uuid_and_cookie.json: COOKIE True - UUIDs True - TIMING, DEVICE and ...
- user-agent=Instagram 117.0.0.28.123 Android (28/9.0; 420dpi; 1080x1920; OnePlus; ONEPLUS A3003; OnePlus3; qcom; en_US; 180322800)
- phone_id=25583937-87c6-4857-828f-0ba8320d3639
- uuid=d93a6e36-ac5e-4c7d-b154-2f2820f22406
- client_session_id=426905f5-f48b-48ae-ba11-dd22574d8cda
- device_id=android-8e51abc100ef0e36
2020-03-29 01:42:43,989 - instabot version: 0.116.0 (api_login) - INFO - LOGIN FLOW! Just logged-in: False
2020-03-29 01:42:46,838 - instabot version: 0.116.0 (api) - DEBUG - POST to endpoint: feed/timeline/ returned response: <Response [200]>
2020-03-29 01:42:47,711 - instabot version: 0.116.0 (api) - DEBUG - POST to endpoint: feed/reels_tray/ returned response: <Response [200]>
2020-03-29 01:42:47,721 - instabot version: 0.116.0 (api) - INFO - Logged-in successfully as 'faaaanTESTic'!
2020-03-29 01:42:47,721 - instabot version: 0.116.0 (bot_checkpoint) - DEBUG - Loading Checkpoint file from: /Users/Darshini/social_media_posting/config/faaaanTESTic.checkpoint
2020-03-29 01:42:48,095 - instabot version: 0.116.0 (api) - DEBUG - GET to endpoint: feed/user/32170766699/?max_id=&min_timestamp=None&rank_token=32170766699_d93a6e36-ac5e-4c7d-b154-2f2820f22406&ranked_content=true returned response: <Response [200]>
2020-03-29 01:43:17,617 - instabot version: 0.116.0 (api) - DEBUG - GET to endpoint: feed/user/32170766699/?max_id=&min_timestamp=None&rank_token=32170766699_d93a6e36-ac5e-4c7d-b154-2f2820f22406&ranked_content=true returned response: <Response [200]>
2020-03-29 01:45:21,209 - instabot version: 0.116.0 (bot_checkpoint) - DEBUG - Saving Checkpoint file to: /Users/Darshini/social_media_posting/config/faaaanTESTic.checkpoint
2020-03-29 01:45:21,219 - instabot version: 0.116.0 (bot) - INFO - Total requests: 177
